{
  "RSpec": {
    "coverage": {
      "/home/murimaral/seal_the_deal/app/models/user.rb": {
        "lines": [
          1,
          null,
          null,
          1,
          null,
          1,
          1,
          1,
          1,
          null
        ]
      },
      "/home/murimaral/seal_the_deal/app/models/application_record.rb": {
        "lines": [
          1,
          1,
          null
        ]
      },
      "/home/murimaral/seal_the_deal/app/helpers/application_helper.rb": {
        "lines": [
          1,
          null
        ]
      },
      "/home/murimaral/seal_the_deal/app/controllers/home_controller.rb": {
        "lines": [
          1,
          null,
          1,
          null,
          null,
          null,
          null
        ]
      },
      "/home/murimaral/seal_the_deal/app/controllers/application_controller.rb": {
        "lines": [
          1,
          null
        ]
      },
      "/home/murimaral/seal_the_deal/app/models/colaborator.rb": {
        "lines": [
          1,
          1,
          1,
          1,
          1,
          1,
          null,
          null,
          1,
          null,
          1,
          null,
          null,
          null,
          1,
          61,
          1,
          null,
          null,
          null,
          null,
          null,
          null,
          null,
          null
        ]
      },
      "/home/murimaral/seal_the_deal/app/controllers/companies_controller.rb": {
        "lines": [
          1,
          1,
          1,
          3,
          null,
          null,
          1,
          3,
          null,
          null,
          1,
          3,
          3,
          1,
          null,
          2,
          null,
          null,
          null,
          1,
          1,
          null,
          null,
          null,
          1,
          1,
          3,
          null,
          1,
          10,
          0,
          null,
          null,
          null
        ]
      },
      "/home/murimaral/seal_the_deal/app/models/company.rb": {
        "lines": [
          1,
          1,
          1,
          1,
          1,
          1,
          1,
          55,
          1,
          null,
          null,
          null
        ]
      },
      "/home/murimaral/seal_the_deal/app/models/ad.rb": {
        "lines": [
          1,
          1,
          1,
          1,
          1,
          1,
          1,
          1,
          1,
          null,
          null,
          null,
          1,
          37,
          null,
          null,
          37,
          null,
          null
        ]
      },
      "/home/murimaral/seal_the_deal/app/controllers/ads_controller.rb": {
        "lines": [
          1,
          1,
          1,
          null,
          null,
          null,
          1,
          21,
          null,
          null,
          null,
          1,
          2,
          null,
          null,
          1,
          2,
          2,
          1,
          null,
          1,
          null,
          null,
          null,
          1,
          null,
          11,
          11,
          11,
          11,
          null,
          null,
          1,
          1,
          1,
          0,
          null,
          null,
          null,
          1,
          1,
          1,
          0,
          null,
          1,
          1,
          null,
          0,
          null,
          null,
          null,
          null,
          1,
          2,
          2,
          2,
          1,
          1,
          null,
          1,
          null,
          null,
          0,
          null,
          null,
          null,
          1,
          4,
          4,
          4,
          null,
          1,
          1,
          1,
          1,
          1,
          null,
          0,
          null,
          null,
          1,
          1,
          1,
          1,
          1,
          null,
          0,
          null,
          null,
          null,
          1,
          null,
          2,
          1,
          1,
          1,
          null,
          0,
          null,
          2,
          null,
          null,
          1,
          0,
          0,
          null,
          null,
          null,
          null,
          null,
          1,
          1,
          3,
          null,
          null,
          null,
          1,
          48,
          0,
          null,
          null,
          1,
          37,
          37,
          null,
          1,
          11,
          1,
          null,
          null,
          1,
          4,
          null,
          null,
          null
        ]
      },
      "/home/murimaral/seal_the_deal/app/models/deal.rb": {
        "lines": [
          1,
          1,
          1,
          1,
          1,
          4,
          null,
          null,
          null
        ]
      },
      "/home/murimaral/seal_the_deal/app/controllers/questions_controller.rb": {
        "lines": [
          1,
          1,
          1,
          null,
          1,
          5,
          null,
          null,
          1,
          2,
          null,
          null,
          1,
          2,
          2,
          2,
          1,
          null,
          1,
          null,
          null,
          null,
          1,
          1,
          null,
          null,
          1,
          1,
          1,
          1,
          null,
          0,
          null,
          null,
          null,
          null,
          null,
          1,
          1,
          11,
          11,
          0,
          null,
          null,
          1,
          11,
          0,
          null,
          null,
          null,
          null,
          null
        ]
      },
      "/home/murimaral/seal_the_deal/app/models/question.rb": {
        "lines": [
          1,
          1,
          1,
          null
        ]
      },
      "/home/murimaral/seal_the_deal/app/controllers/deals_controller.rb": {
        "lines": [
          1,
          1,
          1,
          null,
          1,
          1,
          null,
          1,
          1,
          1,
          1,
          null,
          0,
          null,
          null,
          1,
          1,
          null,
          1,
          1,
          1,
          1,
          null,
          0,
          null,
          null,
          1,
          2,
          null,
          1,
          0,
          0,
          0,
          null,
          null,
          null,
          1,
          null,
          1,
          null,
          6,
          0,
          null,
          6,
          null,
          null,
          1,
          2,
          null,
          null
        ]
      },
      "/home/murimaral/seal_the_deal/app/controllers/payments_controller.rb": {
        "lines": [
          1,
          1,
          1,
          1,
          1,
          null,
          1,
          1,
          1,
          null,
          0,
          null,
          null,
          null,
          1,
          1,
          null,
          null,
          null,
          1,
          1,
          2,
          0,
          null,
          null,
          1,
          null,
          2,
          0,
          null,
          null,
          2,
          2,
          2,
          null,
          null,
          null,
          null,
          null
        ]
      },
      "/home/murimaral/seal_the_deal/app/models/payment.rb": {
        "lines": [
          1,
          1,
          1,
          null,
          null,
          null
        ]
      },
      "/home/murimaral/seal_the_deal/app/controllers/colaborators_controller.rb": {
        "lines": [
          1,
          1,
          null,
          1,
          5,
          null,
          1,
          3,
          null,
          null,
          1,
          3,
          null,
          1,
          3,
          3,
          1,
          1,
          null,
          null,
          2,
          null,
          null,
          1,
          1,
          null,
          1,
          1,
          1,
          null,
          1,
          null,
          0,
          null,
          null,
          null,
          1,
          5,
          1,
          4,
          4,
          0,
          0,
          null,
          0,
          null,
          5,
          null,
          null,
          1,
          1,
          3,
          null,
          null,
          null,
          null,
          1,
          6,
          0,
          null,
          6,
          null,
          null,
          null,
          null,
          null
        ]
      },
      "/home/murimaral/seal_the_deal/app/mailers/application_mailer.rb": {
        "lines": [
          0,
          0,
          0,
          0
        ],
        "branches": {
        }
      },
      "/home/murimaral/seal_the_deal/app/jobs/application_job.rb": {
        "lines": [
          0,
          null,
          null,
          null,
          null,
          null,
          0
        ],
        "branches": {
        }
      },
      "/home/murimaral/seal_the_deal/app/channels/application_cable/channel.rb": {
        "lines": [
          0,
          0,
          0,
          0
        ],
        "branches": {
        }
      },
      "/home/murimaral/seal_the_deal/app/channels/application_cable/connection.rb": {
        "lines": [
          0,
          0,
          0,
          0
        ],
        "branches": {
        }
      }
    },
    "timestamp": 1600473656
  }
}
